<?xml version="1.0" encoding="UTF-8"?>
<robot generator="Robot 4.0.2 (Python 3.8.5 on linux)" generated="20210524 13:50:34.739" rpa="false" schemaversion="2">
<suite id="s1" name="firstTest" source="/home/user/PycharmProjects/pythonProject1/testCases/firstTest.robot">
<test id="s1-t1" name="searchTest">
<kw name="Open Browser" library="SeleniumLibrary">
<arg>${url}</arg>
<arg>${browser}</arg>
<doc>Opens a new browser instance to the optional ``url``.</doc>
<msg timestamp="20210524 13:50:34.836" level="INFO">Opening browser 'chrome' to base url 'https://www.youtube.com/'.</msg>
<status status="PASS" starttime="20210524 13:50:34.836" endtime="20210524 13:50:38.790"/>
</kw>
<kw name="Input Text" library="SeleniumLibrary">
<arg>${text}</arg>
<arg>Python robot</arg>
<doc>Types the given ``text`` into the text field identified by ``locator``.</doc>
<msg timestamp="20210524 13:50:38.792" level="INFO">Typing text 'Python robot' into text field 'xpath:/html/body/ytd-app/div/div/ytd-masthead/div[3]/div[2]/ytd-searchbox/form/div/div[1]/input'.</msg>
<kw name="Capture Page Screenshot" library="SeleniumLibrary">
<doc>Takes a screenshot of the current page and embeds it into a log file.</doc>
<msg timestamp="20210524 13:50:38.799" level="FAIL">NoSuchWindowException: Message: no such window: target window already closed
from unknown error: web view not found
  (Session info: chrome=90.0.4430.85)
</msg>
<status status="FAIL" starttime="20210524 13:50:38.795" endtime="20210524 13:50:38.799"/>
</kw>
<msg timestamp="20210524 13:50:38.800" level="WARN">Keyword 'Capture Page Screenshot' could not be run on failure: NoSuchWindowException: Message: no such window: target window already closed
from unknown error: web view not found
  (Session info: chrome=90.0.4430.85)
</msg>
<msg timestamp="20210524 13:50:38.801" level="FAIL">NoSuchWindowException: Message: no such window: target window already closed
from unknown error: web view not found
  (Session info: chrome=90.0.4430.85)
</msg>
<status status="FAIL" starttime="20210524 13:50:38.791" endtime="20210524 13:50:38.801"/>
</kw>
<kw name="Click Button" library="SeleniumLibrary">
<arg>${searchButton}</arg>
<doc>Clicks the button identified by ``locator``.</doc>
<status status="NOT RUN" starttime="20210524 13:50:38.801" endtime="20210524 13:50:38.801"/>
</kw>
<kw name="Click Link" library="SeleniumLibrary">
<arg>${video}</arg>
<doc>Clicks a link identified by ``locator``.</doc>
<status status="NOT RUN" starttime="20210524 13:50:38.801" endtime="20210524 13:50:38.801"/>
</kw>
<kw name="Close Browser" library="SeleniumLibrary">
<doc>Closes the current browser.</doc>
<status status="NOT RUN" starttime="20210524 13:50:38.801" endtime="20210524 13:50:38.801"/>
</kw>
<status status="FAIL" starttime="20210524 13:50:34.835" endtime="20210524 13:50:38.802">NoSuchWindowException: Message: no such window: target window already closed
from unknown error: web view not found
  (Session info: chrome=90.0.4430.85)
</status>
</test>
<test id="s1-t2" name="search">
<kw name="Open Browser" library="SeleniumLibrary">
<arg>${url}</arg>
<arg>${browser}</arg>
<doc>Opens a new browser instance to the optional ``url``.</doc>
<msg timestamp="20210524 13:50:38.803" level="INFO">Opening browser 'chrome' to base url 'https://www.youtube.com/'.</msg>
<status status="PASS" starttime="20210524 13:50:38.803" endtime="20210524 13:50:42.678"/>
</kw>
<kw name="Input Text" library="SeleniumLibrary">
<arg>${text}</arg>
<arg>Python robotframework</arg>
<doc>Types the given ``text`` into the text field identified by ``locator``.</doc>
<msg timestamp="20210524 13:50:42.679" level="INFO">Typing text 'Python robotframework' into text field 'xpath:/html/body/ytd-app/div/div/ytd-masthead/div[3]/div[2]/ytd-searchbox/form/div/div[1]/input'.</msg>
<kw name="Capture Page Screenshot" library="SeleniumLibrary">
<doc>Takes a screenshot of the current page and embeds it into a log file.</doc>
<msg timestamp="20210524 13:50:42.685" level="FAIL">NoSuchWindowException: Message: no such window: target window already closed
from unknown error: web view not found
  (Session info: chrome=90.0.4430.85)
</msg>
<status status="FAIL" starttime="20210524 13:50:42.682" endtime="20210524 13:50:42.685"/>
</kw>
<msg timestamp="20210524 13:50:42.685" level="WARN">Keyword 'Capture Page Screenshot' could not be run on failure: NoSuchWindowException: Message: no such window: target window already closed
from unknown error: web view not found
  (Session info: chrome=90.0.4430.85)
</msg>
<msg timestamp="20210524 13:50:42.686" level="FAIL">NoSuchWindowException: Message: no such window: target window already closed
from unknown error: web view not found
  (Session info: chrome=90.0.4430.85)
</msg>
<status status="FAIL" starttime="20210524 13:50:42.678" endtime="20210524 13:50:42.686"/>
</kw>
<kw name="Click Button" library="SeleniumLibrary">
<arg>${searchButton}</arg>
<doc>Clicks the button identified by ``locator``.</doc>
<status status="NOT RUN" starttime="20210524 13:50:42.687" endtime="20210524 13:50:42.687"/>
</kw>
<kw name="Click Link" library="SeleniumLibrary">
<arg>${video}</arg>
<doc>Clicks a link identified by ``locator``.</doc>
<status status="NOT RUN" starttime="20210524 13:50:42.687" endtime="20210524 13:50:42.687"/>
</kw>
<kw name="Close Browser" library="SeleniumLibrary">
<doc>Closes the current browser.</doc>
<status status="NOT RUN" starttime="20210524 13:50:42.688" endtime="20210524 13:50:42.688"/>
</kw>
<status status="FAIL" starttime="20210524 13:50:38.802" endtime="20210524 13:50:42.688">NoSuchWindowException: Message: no such window: target window already closed
from unknown error: web view not found
  (Session info: chrome=90.0.4430.85)
</status>
</test>
<status status="FAIL" starttime="20210524 13:50:34.740" endtime="20210524 13:50:42.690"/>
</suite>
<statistics>
<total>
<stat pass="0" fail="2" skip="0">All Tests</stat>
</total>
<tag>
</tag>
<suite>
<stat pass="0" fail="2" skip="0" id="s1" name="firstTest">firstTest</stat>
</suite>
</statistics>
<errors>
<msg timestamp="20210524 13:50:38.800" level="WARN">Keyword 'Capture Page Screenshot' could not be run on failure: NoSuchWindowException: Message: no such window: target window already closed
from unknown error: web view not found
  (Session info: chrome=90.0.4430.85)
</msg>
<msg timestamp="20210524 13:50:42.685" level="WARN">Keyword 'Capture Page Screenshot' could not be run on failure: NoSuchWindowException: Message: no such window: target window already closed
from unknown error: web view not found
  (Session info: chrome=90.0.4430.85)
</msg>
</errors>
</robot>
