<?xml version="1.0" encoding="UTF-8"?>
<robot generator="Robot 4.0.2 (Python 3.8.5 on linux)" generated="20210524 15:02:40.194" rpa="false" schemaversion="2">
<suite id="s1" name="firstTest" source="/home/user/PycharmProjects/pythonProject1/testCases/firstTest.robot">
<test id="s1-t1" name="searchTest">
<kw name="Create Webdriver" library="SeleniumLibrary">
<arg>Chrome</arg>
<arg>executable_path=/home/user/PycharmProjects/pythonProject1/chromedriver</arg>
<doc>Creates an instance of Selenium WebDriver.</doc>
<msg timestamp="20210524 15:02:40.296" level="INFO">Creating an instance of the Chrome WebDriver.</msg>
<status status="PASS" starttime="20210524 15:02:40.295" endtime="20210524 15:02:41.593"/>
</kw>
<kw name="Go To" library="SeleniumLibrary">
<arg>${url}</arg>
<doc>Navigates the current browser window to the provided ``url``.</doc>
<msg timestamp="20210524 15:02:41.595" level="INFO">Opening url 'https://www.youtube.com/'</msg>
<status status="PASS" starttime="20210524 15:02:41.594" endtime="20210524 15:02:44.727"/>
</kw>
<kw name="Input Text" library="SeleniumLibrary">
<arg>${text}</arg>
<arg>Python robot</arg>
<doc>Types the given ``text`` into the text field identified by ``locator``.</doc>
<msg timestamp="20210524 15:02:44.731" level="INFO">Typing text 'Python robot' into text field 'xpath:/html/body/ytd-app/div/div/ytd-masthead/div[3]/div[2]/ytd-searchbox/form/div/div[1]/input'.</msg>
<kw name="Capture Page Screenshot" library="SeleniumLibrary">
<doc>Takes a screenshot of the current page and embeds it into a log file.</doc>
<msg timestamp="20210524 15:02:44.739" level="FAIL">NoSuchWindowException: Message: no such window: target window already closed
from unknown error: web view not found
  (Session info: chrome=90.0.4430.85)
</msg>
<status status="FAIL" starttime="20210524 15:02:44.733" endtime="20210524 15:02:44.739"/>
</kw>
<msg timestamp="20210524 15:02:44.740" level="WARN">Keyword 'Capture Page Screenshot' could not be run on failure: NoSuchWindowException: Message: no such window: target window already closed
from unknown error: web view not found
  (Session info: chrome=90.0.4430.85)
</msg>
<msg timestamp="20210524 15:02:44.754" level="FAIL">NoSuchWindowException: Message: no such window: target window already closed
from unknown error: web view not found
  (Session info: chrome=90.0.4430.85)
</msg>
<status status="FAIL" starttime="20210524 15:02:44.730" endtime="20210524 15:02:44.756"/>
</kw>
<kw name="Click Button" library="SeleniumLibrary">
<arg>${searchButton}</arg>
<doc>Clicks the button identified by ``locator``.</doc>
<status status="NOT RUN" starttime="20210524 15:02:44.758" endtime="20210524 15:02:44.759"/>
</kw>
<kw name="Click Link" library="SeleniumLibrary">
<arg>${video}</arg>
<doc>Clicks a link identified by ``locator``.</doc>
<status status="NOT RUN" starttime="20210524 15:02:44.759" endtime="20210524 15:02:44.759"/>
</kw>
<kw name="Close Browser" library="SeleniumLibrary">
<doc>Closes the current browser.</doc>
<status status="NOT RUN" starttime="20210524 15:02:44.764" endtime="20210524 15:02:44.764"/>
</kw>
<status status="FAIL" starttime="20210524 15:02:40.294" endtime="20210524 15:02:44.765">NoSuchWindowException: Message: no such window: target window already closed
from unknown error: web view not found
  (Session info: chrome=90.0.4430.85)
</status>
</test>
<status status="FAIL" starttime="20210524 15:02:40.195" endtime="20210524 15:02:44.766"/>
</suite>
<statistics>
<total>
<stat pass="0" fail="1" skip="0">All Tests</stat>
</total>
<tag>
</tag>
<suite>
<stat pass="0" fail="1" skip="0" id="s1" name="firstTest">firstTest</stat>
</suite>
</statistics>
<errors>
<msg timestamp="20210524 15:02:44.740" level="WARN">Keyword 'Capture Page Screenshot' could not be run on failure: NoSuchWindowException: Message: no such window: target window already closed
from unknown error: web view not found
  (Session info: chrome=90.0.4430.85)
</msg>
</errors>
</robot>
