<?xml version="1.0" encoding="UTF-8"?>
<robot generator="Robot 4.0.2 (Python 3.8.5 on linux)" generated="20210524 14:36:48.518" rpa="false" schemaversion="2">
<suite id="s1" name="firstTest" source="/home/user/PycharmProjects/pythonProject1/testCases/firstTest.robot">
<test id="s1-t1" name="searchTest">
<kw name="Create Webdriver" library="SeleniumLibrary">
<arg>Chrome</arg>
<arg>executable_path=/home/user/PycharmProjects/pythonProject1/chromedriver</arg>
<doc>Creates an instance of Selenium WebDriver.</doc>
<msg timestamp="20210524 14:36:48.619" level="INFO">Creating an instance of the Chrome WebDriver.</msg>
<status status="PASS" starttime="20210524 14:36:48.618" endtime="20210524 14:36:49.900"/>
</kw>
<kw name="Go To" library="SeleniumLibrary">
<arg>${url}</arg>
<doc>Navigates the current browser window to the provided ``url``.</doc>
<msg timestamp="20210524 14:36:49.901" level="INFO">Opening url 'https://www.youtube.com/'</msg>
<status status="PASS" starttime="20210524 14:36:49.900" endtime="20210524 14:36:53.491"/>
</kw>
<kw name="Input Text" library="SeleniumLibrary">
<arg>${text}</arg>
<arg>Python robot</arg>
<doc>Types the given ``text`` into the text field identified by ``locator``.</doc>
<msg timestamp="20210524 14:36:53.492" level="INFO">Typing text 'Python robot' into text field 'xpath:/html/body/ytd-app/div/div/ytd-masthead/div[3]/div[2]/ytd-searchbox/form/div/div[1]/input'.</msg>
<status status="PASS" starttime="20210524 14:36:53.491" endtime="20210524 14:36:53.604"/>
</kw>
<kw name="Click Button" library="SeleniumLibrary">
<arg>${searchButton}</arg>
<doc>Clicks the button identified by ``locator``.</doc>
<msg timestamp="20210524 14:36:53.605" level="INFO">Clicking button 'css:button#search-icon-legacy'.</msg>
<status status="PASS" starttime="20210524 14:36:53.605" endtime="20210524 14:36:53.723"/>
</kw>
<kw name="Click Link" library="SeleniumLibrary">
<arg>${video}</arg>
<doc>Clicks a link identified by ``locator``.</doc>
<msg timestamp="20210524 14:36:53.725" level="INFO">Clicking link 'xpath://div[3]/ytd-video-renderer[1]/div[1]/ytd-thumbnail/a'.</msg>
<kw name="Capture Page Screenshot" library="SeleniumLibrary">
<doc>Takes a screenshot of the current page and embeds it into a log file.</doc>
<msg timestamp="20210524 14:36:53.991" level="INFO" html="true">&lt;/td&gt;&lt;/tr&gt;&lt;tr&gt;&lt;td colspan="3"&gt;&lt;a href="selenium-screenshot-2.png"&gt;&lt;img src="selenium-screenshot-2.png" width="800px"&gt;&lt;/a&gt;</msg>
<status status="PASS" starttime="20210524 14:36:53.749" endtime="20210524 14:36:53.991"/>
</kw>
<msg timestamp="20210524 14:36:53.992" level="FAIL">Link with locator 'xpath://div[3]/ytd-video-renderer[1]/div[1]/ytd-thumbnail/a' not found.</msg>
<status status="FAIL" starttime="20210524 14:36:53.724" endtime="20210524 14:36:53.992"/>
</kw>
<kw name="Close Browser" library="SeleniumLibrary">
<doc>Closes the current browser.</doc>
<status status="NOT RUN" starttime="20210524 14:36:53.993" endtime="20210524 14:36:53.993"/>
</kw>
<status status="FAIL" starttime="20210524 14:36:48.617" endtime="20210524 14:36:53.993">Link with locator 'xpath://div[3]/ytd-video-renderer[1]/div[1]/ytd-thumbnail/a' not found.</status>
</test>
<status status="FAIL" starttime="20210524 14:36:48.519" endtime="20210524 14:36:53.994"/>
</suite>
<statistics>
<total>
<stat pass="0" fail="1" skip="0">All Tests</stat>
</total>
<tag>
</tag>
<suite>
<stat pass="0" fail="1" skip="0" id="s1" name="firstTest">firstTest</stat>
</suite>
</statistics>
<errors>
</errors>
</robot>
