<?xml version="1.0" encoding="UTF-8"?>
<robot generator="Robot 4.0.2 (Python 3.8.5 on linux)" generated="20210622 12:36:24.154" rpa="false" schemaversion="2">
<suite id="s1" name="Login" source="/home/user/PycharmProjects/pythonProject1/testCases/login.robot">
<test id="s1-t1" name="Login With Correct Email and Password">
<kw name="Oepn My Browser" library="loginPage">
<arg>${url}</arg>
<arg>${browser}</arg>
<kw name="Open Browser" library="SeleniumLibrary">
<arg>${url}</arg>
<arg>${browser}</arg>
<doc>Opens a new browser instance to the optional ``url``.</doc>
<msg timestamp="20210622 12:36:24.255" level="INFO">Opening browser 'Chrome' to base url 'https://dev-restaurants.summerize.io'.</msg>
<status status="PASS" starttime="20210622 12:36:24.255" endtime="20210622 12:36:27.941"/>
</kw>
<kw name="Maximize Browser Window" library="SeleniumLibrary">
<doc>Maximizes current browser window.</doc>
<status status="PASS" starttime="20210622 12:36:27.941" endtime="20210622 12:36:28.047"/>
</kw>
<status status="PASS" starttime="20210622 12:36:24.254" endtime="20210622 12:36:28.048"/>
</kw>
<kw name="Login" library="loginPage">
<arg>${username}</arg>
<arg>${pass}</arg>
<kw name="Input Text" library="SeleniumLibrary">
<arg>${email}</arg>
<arg>${username}</arg>
<doc>Types the given ``text`` into the text field identified by ``locator``.</doc>
<msg timestamp="20210622 12:36:28.051" level="INFO">Typing text 'jeck@gmail.com' into text field 'name:email'.</msg>
<status status="PASS" starttime="20210622 12:36:28.050" endtime="20210622 12:36:28.137"/>
</kw>
<kw name="Input Text" library="SeleniumLibrary">
<arg>${password}</arg>
<arg>${pass}</arg>
<doc>Types the given ``text`` into the text field identified by ``locator``.</doc>
<msg timestamp="20210622 12:36:28.138" level="INFO">Typing text '123456789' into text field 'name:password'.</msg>
<status status="PASS" starttime="20210622 12:36:28.137" endtime="20210622 12:36:28.200"/>
</kw>
<kw name="Click Button" library="SeleniumLibrary">
<arg>${buttonLogin}</arg>
<doc>Clicks the button identified by ``locator``.</doc>
<msg timestamp="20210622 12:36:28.201" level="INFO">Clicking button 'id:login-btn'.</msg>
<status status="PASS" starttime="20210622 12:36:28.201" endtime="20210622 12:36:34.169"/>
</kw>
<status status="PASS" starttime="20210622 12:36:28.048" endtime="20210622 12:36:34.169"/>
</kw>
<kw name="Verify Seccessfull Login" library="login.verify">
<kw name="Title Should Be" library="SeleniumLibrary">
<arg>Dashboard - Life</arg>
<doc>Verifies that the current page title equals ``title``.</doc>
<msg timestamp="20210622 12:36:34.173" level="INFO">Page title is 'Dashboard - Life'.</msg>
<status status="PASS" starttime="20210622 12:36:34.170" endtime="20210622 12:36:34.173"/>
</kw>
<status status="PASS" starttime="20210622 12:36:34.169" endtime="20210622 12:36:34.173"/>
</kw>
<kw name="Close Browser" library="SeleniumLibrary">
<doc>Closes the current browser.</doc>
<status status="PASS" starttime="20210622 12:36:34.173" endtime="20210622 12:36:34.231"/>
</kw>
<status status="PASS" starttime="20210622 12:36:24.253" endtime="20210622 12:36:34.231"/>
</test>
<status status="PASS" starttime="20210622 12:36:24.154" endtime="20210622 12:36:34.232"/>
</suite>
<statistics>
<total>
<stat pass="1" fail="0" skip="0">All Tests</stat>
</total>
<tag>
</tag>
<suite>
<stat pass="1" fail="0" skip="0" id="s1" name="Login">Login</stat>
</suite>
</statistics>
<errors>
</errors>
</robot>
