<?xml version="1.0" encoding="UTF-8"?>
<robot generator="Robot 4.0.2 (Python 3.8.5 on linux)" generated="20210622 14:22:03.873" rpa="false" schemaversion="2">
<suite id="s1" name="Login" source="/home/user/PycharmProjects/pythonProject1/testCases/login.robot">
<test id="s1-t1" name="Test Setup">
<kw name="Oepn My Browser" library="loginPage">
<arg>${url}</arg>
<arg>${browser}</arg>
<kw name="Open Browser" library="SeleniumLibrary">
<arg>${url}</arg>
<arg>${browser}</arg>
<doc>Opens a new browser instance to the optional ``url``.</doc>
<msg timestamp="20210622 14:22:03.976" level="INFO">Opening browser 'Chrome' to base url 'https://dev-restaurants.summerize.io'.</msg>
<status status="PASS" starttime="20210622 14:22:03.976" endtime="20210622 14:22:07.257"/>
</kw>
<kw name="Maximize Browser Window" library="SeleniumLibrary">
<doc>Maximizes current browser window.</doc>
<status status="PASS" starttime="20210622 14:22:07.257" endtime="20210622 14:22:07.363"/>
</kw>
<status status="PASS" starttime="20210622 14:22:03.976" endtime="20210622 14:22:07.363"/>
</kw>
<status status="PASS" starttime="20210622 14:22:03.975" endtime="20210622 14:22:07.364"/>
</test>
<test id="s1-t2" name="Test Teardown">
<kw name="Close Browser" library="SeleniumLibrary">
<doc>Closes the current browser.</doc>
<status status="PASS" starttime="20210622 14:22:07.365" endtime="20210622 14:22:07.423"/>
</kw>
<status status="PASS" starttime="20210622 14:22:07.365" endtime="20210622 14:22:07.423"/>
</test>
<test id="s1-t3" name="Login With Correct Email and Password">
<kw name="Oepn My Browser" library="loginPage">
<arg>${url}</arg>
<arg>${browser}</arg>
<kw name="Open Browser" library="SeleniumLibrary">
<arg>${url}</arg>
<arg>${browser}</arg>
<doc>Opens a new browser instance to the optional ``url``.</doc>
<msg timestamp="20210622 14:22:07.426" level="INFO">Opening browser 'Chrome' to base url 'https://dev-restaurants.summerize.io'.</msg>
<status status="PASS" starttime="20210622 14:22:07.426" endtime="20210622 14:22:10.587"/>
</kw>
<kw name="Maximize Browser Window" library="SeleniumLibrary">
<doc>Maximizes current browser window.</doc>
<status status="PASS" starttime="20210622 14:22:10.587" endtime="20210622 14:22:10.693"/>
</kw>
<status status="PASS" starttime="20210622 14:22:07.425" endtime="20210622 14:22:10.693"/>
</kw>
<kw name="Login" library="loginPage">
<arg>${username}</arg>
<arg>${pass}</arg>
<kw name="Input Text" library="SeleniumLibrary">
<arg>${email}</arg>
<arg>${username}</arg>
<doc>Types the given ``text`` into the text field identified by ``locator``.</doc>
<msg timestamp="20210622 14:22:10.696" level="INFO">Typing text 'jeck@gmail.com' into text field 'name:email'.</msg>
<status status="PASS" starttime="20210622 14:22:10.695" endtime="20210622 14:22:10.781"/>
</kw>
<kw name="Input Text" library="SeleniumLibrary">
<arg>${password}</arg>
<arg>${pass}</arg>
<doc>Types the given ``text`` into the text field identified by ``locator``.</doc>
<msg timestamp="20210622 14:22:10.782" level="INFO">Typing text '123456789' into text field 'name:password'.</msg>
<status status="PASS" starttime="20210622 14:22:10.781" endtime="20210622 14:22:10.848"/>
</kw>
<kw name="Click Button" library="SeleniumLibrary">
<arg>${buttonLogin}</arg>
<doc>Clicks the button identified by ``locator``.</doc>
<msg timestamp="20210622 14:22:10.848" level="INFO">Clicking button 'id:login-btn'.</msg>
<status status="PASS" starttime="20210622 14:22:10.848" endtime="20210622 14:22:13.728"/>
</kw>
<status status="PASS" starttime="20210622 14:22:10.693" endtime="20210622 14:22:13.728"/>
</kw>
<kw name="Verify Seccessfull Login" library="login.verify">
<kw name="Title Should Be" library="SeleniumLibrary">
<arg>Dashboard - Life</arg>
<doc>Verifies that the current page title equals ``title``.</doc>
<msg timestamp="20210622 14:22:13.734" level="INFO">Page title is 'Dashboard - Life'.</msg>
<status status="PASS" starttime="20210622 14:22:13.729" endtime="20210622 14:22:13.734"/>
</kw>
<status status="PASS" starttime="20210622 14:22:13.728" endtime="20210622 14:22:13.734"/>
</kw>
<status status="PASS" starttime="20210622 14:22:07.424" endtime="20210622 14:22:13.734"/>
</test>
<test id="s1-t4" name="Change Password With Forget Password">
<kw name="Click on Forgot Password" library="loginPage">
<kw name="Click Link" library="SeleniumLibrary">
<arg>${forgotPassword}</arg>
<doc>Clicks a link identified by ``locator``.</doc>
<msg timestamp="20210622 14:22:13.737" level="INFO">Clicking link 'css:[class="link"]'.</msg>
<kw name="Capture Page Screenshot" library="SeleniumLibrary">
<doc>Takes a screenshot of the current page and embeds it into a log file.</doc>
<msg timestamp="20210622 14:22:13.833" level="INFO" html="true">&lt;/td&gt;&lt;/tr&gt;&lt;tr&gt;&lt;td colspan="3"&gt;&lt;a href="selenium-screenshot-15.png"&gt;&lt;img src="selenium-screenshot-15.png" width="800px"&gt;&lt;/a&gt;</msg>
<status status="PASS" starttime="20210622 14:22:13.747" endtime="20210622 14:22:13.833"/>
</kw>
<msg timestamp="20210622 14:22:13.834" level="FAIL">Link with locator 'css:[class="link"]' not found.</msg>
<status status="FAIL" starttime="20210622 14:22:13.736" endtime="20210622 14:22:13.834"/>
</kw>
<status status="FAIL" starttime="20210622 14:22:13.736" endtime="20210622 14:22:13.834"/>
</kw>
<kw name="Verify Seccessfull Open Forgot Passowrd Page" library="login.verify">
<status status="NOT RUN" starttime="20210622 14:22:13.834" endtime="20210622 14:22:13.834"/>
</kw>
<kw name="Fiel in email" library="loginPage">
<arg>${username}</arg>
<status status="NOT RUN" starttime="20210622 14:22:13.834" endtime="20210622 14:22:13.834"/>
</kw>
<kw name="Click On Reset Button" library="loginPage">
<status status="NOT RUN" starttime="20210622 14:22:13.834" endtime="20210622 14:22:13.834"/>
</kw>
<kw name="Verify Seccess message" library="login.verify">
<status status="NOT RUN" starttime="20210622 14:22:13.834" endtime="20210622 14:22:13.835"/>
</kw>
<status status="FAIL" starttime="20210622 14:22:13.735" endtime="20210622 14:22:13.835">Link with locator 'css:[class="link"]' not found.</status>
</test>
<status status="FAIL" starttime="20210622 14:22:03.874" endtime="20210622 14:22:13.836"/>
</suite>
<statistics>
<total>
<stat pass="3" fail="1" skip="0">All Tests</stat>
</total>
<tag>
</tag>
<suite>
<stat pass="3" fail="1" skip="0" id="s1" name="Login">Login</stat>
</suite>
</statistics>
<errors>
</errors>
</robot>
