<?xml version="1.0" encoding="UTF-8"?>
<robot generator="Robot 4.0.2 (Python 3.8.5 on linux)" generated="20210524 15:22:23.272" rpa="false" schemaversion="2">
<suite id="s1" name="firstTest" source="/home/user/PycharmProjects/pythonProject1/testCases/firstTest.robot">
<test id="s1-t1" name="searchTest">
<kw name="Open Browser" library="SeleniumLibrary">
<arg>${url}</arg>
<arg>${browser}</arg>
<doc>Opens a new browser instance to the optional ``url``.</doc>
<msg timestamp="20210524 15:22:23.370" level="INFO">Opening browser 'chrome' to base url 'https://www.youtube.com/'.</msg>
<status status="PASS" starttime="20210524 15:22:23.369" endtime="20210524 15:22:33.797"/>
</kw>
<kw name="Input Text" library="SeleniumLibrary">
<arg>${text}</arg>
<arg>Python robot</arg>
<doc>Types the given ``text`` into the text field identified by ``locator``.</doc>
<msg timestamp="20210524 15:22:33.800" level="INFO">Typing text 'Python robot' into text field 'xpath:/html/body/ytd-app/div/div/ytd-masthead/div[3]/div[2]/ytd-searchbox/form/div/div[1]/input'.</msg>
<status status="PASS" starttime="20210524 15:22:33.799" endtime="20210524 15:22:33.922"/>
</kw>
<kw name="Click Button" library="SeleniumLibrary">
<arg>${searchButton}</arg>
<doc>Clicks the button identified by ``locator``.</doc>
<msg timestamp="20210524 15:22:33.923" level="INFO">Clicking button 'css:button#search-icon-legacy'.</msg>
<status status="PASS" starttime="20210524 15:22:33.922" endtime="20210524 15:22:35.053"/>
</kw>
<kw name="Click Link" library="SeleniumLibrary">
<arg>${video}</arg>
<doc>Clicks a link identified by ``locator``.</doc>
<msg timestamp="20210524 15:22:35.054" level="INFO">Clicking link 'xpath://div[3]/ytd-video-renderer[1]/div[1]/ytd-thumbnail/a'.</msg>
<status status="PASS" starttime="20210524 15:22:35.054" endtime="20210524 15:22:35.348"/>
</kw>
<kw name="Close Browser" library="SeleniumLibrary">
<doc>Closes the current browser.</doc>
<status status="PASS" starttime="20210524 15:22:35.349" endtime="20210524 15:22:35.413"/>
</kw>
<status status="PASS" starttime="20210524 15:22:23.369" endtime="20210524 15:22:35.413"/>
</test>
<status status="PASS" starttime="20210524 15:22:23.273" endtime="20210524 15:22:35.414"/>
</suite>
<statistics>
<total>
<stat pass="1" fail="0" skip="0">All Tests</stat>
</total>
<tag>
</tag>
<suite>
<stat pass="1" fail="0" skip="0" id="s1" name="firstTest">firstTest</stat>
</suite>
</statistics>
<errors>
</errors>
</robot>
