<?xml version="1.0" encoding="UTF-8"?>
<robot generator="Robot 4.0.2 (Python 3.8.5 on linux)" generated="20210524 12:39:21.388" rpa="false" schemaversion="2">
<suite id="s1" name="firstTest" source="/home/user/PycharmProjects/pythonProject1/testCases/firstTest.robot">
<test id="s1-t1" name="searchTest">
<kw name="Open Browser" library="SeleniumLibrary">
<arg>${url}</arg>
<arg>${browser}</arg>
<doc>Opens a new browser instance to the optional ``url``.</doc>
<msg timestamp="20210524 12:39:21.486" level="INFO">Opening browser 'chrome' to base url 'https://www.youtube.com/'.</msg>
<status status="PASS" starttime="20210524 12:39:21.486" endtime="20210524 12:39:34.538"/>
</kw>
<kw name="Input Text" library="SeleniumLibrary">
<arg>${text}</arg>
<arg>Python robot</arg>
<doc>Types the given ``text`` into the text field identified by ``locator``.</doc>
<msg timestamp="20210524 12:39:34.539" level="INFO">Typing text 'Python robot' into text field 'xpath:/html/body/ytd-app/div/div/ytd-masthead/div[3]/div[2]/ytd-searchbox/form/div/div[1]/input'.</msg>
<status status="PASS" starttime="20210524 12:39:34.539" endtime="20210524 12:39:34.661"/>
</kw>
<kw name="Click Button" library="SeleniumLibrary">
<arg>${searchButton}</arg>
<doc>Clicks the button identified by ``locator``.</doc>
<msg timestamp="20210524 12:39:34.662" level="INFO">Clicking button 'css:button#search-icon-legacy'.</msg>
<status status="PASS" starttime="20210524 12:39:34.661" endtime="20210524 12:39:34.768"/>
</kw>
<kw name="Click Link" library="SeleniumLibrary">
<arg>${video}</arg>
<doc>Clicks a link identified by ``locator``.</doc>
<msg timestamp="20210524 12:39:34.769" level="INFO">Clicking link 'xpath://div[3]/ytd-video-renderer[1]/div[1]/ytd-thumbnail/a'.</msg>
<kw name="Capture Page Screenshot" library="SeleniumLibrary">
<doc>Takes a screenshot of the current page and embeds it into a log file.</doc>
<msg timestamp="20210524 12:39:35.052" level="INFO" html="true">&lt;/td&gt;&lt;/tr&gt;&lt;tr&gt;&lt;td colspan="3"&gt;&lt;a href="selenium-screenshot-9.png"&gt;&lt;img src="selenium-screenshot-9.png" width="800px"&gt;&lt;/a&gt;</msg>
<status status="PASS" starttime="20210524 12:39:34.785" endtime="20210524 12:39:35.052"/>
</kw>
<msg timestamp="20210524 12:39:35.052" level="FAIL">Link with locator 'xpath://div[3]/ytd-video-renderer[1]/div[1]/ytd-thumbnail/a' not found.</msg>
<status status="FAIL" starttime="20210524 12:39:34.768" endtime="20210524 12:39:35.053"/>
</kw>
<kw name="Close Browser" library="SeleniumLibrary">
<doc>Closes the current browser.</doc>
<status status="NOT RUN" starttime="20210524 12:39:35.053" endtime="20210524 12:39:35.053"/>
</kw>
<status status="FAIL" starttime="20210524 12:39:21.485" endtime="20210524 12:39:35.053">Link with locator 'xpath://div[3]/ytd-video-renderer[1]/div[1]/ytd-thumbnail/a' not found.</status>
</test>
<test id="s1-t2" name="search">
<kw name="Open Browser" library="SeleniumLibrary">
<arg>${url}</arg>
<arg>${browser}</arg>
<doc>Opens a new browser instance to the optional ``url``.</doc>
<msg timestamp="20210524 12:39:35.055" level="INFO">Opening browser 'chrome' to base url 'https://www.youtube.com/'.</msg>
<status status="PASS" starttime="20210524 12:39:35.055" endtime="20210524 12:39:46.186"/>
</kw>
<kw name="Input Text" library="SeleniumLibrary">
<arg>${text}</arg>
<arg>Python robotframework</arg>
<doc>Types the given ``text`` into the text field identified by ``locator``.</doc>
<msg timestamp="20210524 12:39:46.187" level="INFO">Typing text 'Python robotframework' into text field 'xpath:/html/body/ytd-app/div/div/ytd-masthead/div[3]/div[2]/ytd-searchbox/form/div/div[1]/input'.</msg>
<status status="PASS" starttime="20210524 12:39:46.186" endtime="20210524 12:39:46.298"/>
</kw>
<kw name="Click Button" library="SeleniumLibrary">
<arg>${searchButton}</arg>
<doc>Clicks the button identified by ``locator``.</doc>
<msg timestamp="20210524 12:39:46.300" level="INFO">Clicking button 'css:button#search-icon-legacy'.</msg>
<status status="PASS" starttime="20210524 12:39:46.299" endtime="20210524 12:39:46.426"/>
</kw>
<kw name="Click Link" library="SeleniumLibrary">
<arg>${video}</arg>
<doc>Clicks a link identified by ``locator``.</doc>
<msg timestamp="20210524 12:39:46.428" level="INFO">Clicking link 'xpath://div[3]/ytd-video-renderer[1]/div[1]/ytd-thumbnail/a'.</msg>
<kw name="Capture Page Screenshot" library="SeleniumLibrary">
<doc>Takes a screenshot of the current page and embeds it into a log file.</doc>
<msg timestamp="20210524 12:39:46.761" level="INFO" html="true">&lt;/td&gt;&lt;/tr&gt;&lt;tr&gt;&lt;td colspan="3"&gt;&lt;a href="selenium-screenshot-10.png"&gt;&lt;img src="selenium-screenshot-10.png" width="800px"&gt;&lt;/a&gt;</msg>
<status status="PASS" starttime="20210524 12:39:46.455" endtime="20210524 12:39:46.761"/>
</kw>
<msg timestamp="20210524 12:39:46.762" level="FAIL">Link with locator 'xpath://div[3]/ytd-video-renderer[1]/div[1]/ytd-thumbnail/a' not found.</msg>
<status status="FAIL" starttime="20210524 12:39:46.426" endtime="20210524 12:39:46.762"/>
</kw>
<kw name="Close Browser" library="SeleniumLibrary">
<doc>Closes the current browser.</doc>
<status status="NOT RUN" starttime="20210524 12:39:46.762" endtime="20210524 12:39:46.763"/>
</kw>
<status status="FAIL" starttime="20210524 12:39:35.054" endtime="20210524 12:39:46.763">Link with locator 'xpath://div[3]/ytd-video-renderer[1]/div[1]/ytd-thumbnail/a' not found.</status>
</test>
<status status="FAIL" starttime="20210524 12:39:21.388" endtime="20210524 12:39:46.766"/>
</suite>
<statistics>
<total>
<stat pass="0" fail="2" skip="0">All Tests</stat>
</total>
<tag>
</tag>
<suite>
<stat pass="0" fail="2" skip="0" id="s1" name="firstTest">firstTest</stat>
</suite>
</statistics>
<errors>
</errors>
</robot>
