<?xml version="1.0" encoding="UTF-8"?>
<robot generator="Robot 4.0.2 (Python 3.8.5 on linux)" generated="20210623 14:26:05.662" rpa="false" schemaversion="2">
<suite id="s1" name="floorPlan" source="/home/user/PycharmProjects/pythonProject1/testCases/floorPlan.robot">
<test id="s1-t1" name="Navigate To The Floot Page">
<kw name="Oepn My Browser" library="loginPage" type="SETUP">
<arg>${url}</arg>
<arg>${browser}</arg>
<kw name="Open Browser" library="SeleniumLibrary">
<arg>${url}</arg>
<arg>${browser}</arg>
<doc>Opens a new browser instance to the optional ``url``.</doc>
<msg timestamp="20210623 14:26:05.792" level="INFO">Opening browser 'Chrome' to base url 'https://dev-restaurants.summerize.io'.</msg>
<status status="PASS" starttime="20210623 14:26:05.791" endtime="20210623 14:26:13.758"/>
</kw>
<kw name="Maximize Browser Window" library="SeleniumLibrary">
<doc>Maximizes current browser window.</doc>
<status status="PASS" starttime="20210623 14:26:13.759" endtime="20210623 14:26:13.866"/>
</kw>
<status status="PASS" starttime="20210623 14:26:05.791" endtime="20210623 14:26:13.866"/>
</kw>
<kw name="Login" library="loginPage">
<arg>${username}</arg>
<arg>${pass}</arg>
<kw name="Input Text" library="SeleniumLibrary">
<arg>${email}</arg>
<arg>${username}</arg>
<doc>Types the given ``text`` into the text field identified by ``locator``.</doc>
<msg timestamp="20210623 14:26:13.869" level="INFO">Typing text 'jeck@gmail.com' into text field 'name:email'.</msg>
<status status="PASS" starttime="20210623 14:26:13.868" endtime="20210623 14:26:13.997"/>
</kw>
<kw name="Input Text" library="SeleniumLibrary">
<arg>${password}</arg>
<arg>${pass}</arg>
<doc>Types the given ``text`` into the text field identified by ``locator``.</doc>
<msg timestamp="20210623 14:26:13.999" level="INFO">Typing text '123456789' into text field 'name:password'.</msg>
<status status="PASS" starttime="20210623 14:26:13.998" endtime="20210623 14:26:14.099"/>
</kw>
<kw name="Click Button" library="SeleniumLibrary">
<arg>${buttonLogin}</arg>
<doc>Clicks the button identified by ``locator``.</doc>
<msg timestamp="20210623 14:26:14.100" level="INFO">Clicking button 'id:login-btn'.</msg>
<status status="PASS" starttime="20210623 14:26:14.100" endtime="20210623 14:26:21.264"/>
</kw>
<status status="PASS" starttime="20210623 14:26:13.867" endtime="20210623 14:26:21.264"/>
</kw>
<kw name="Click On Hamburger Menu" library="floorPlan.page">
<kw name="Click Element" library="SeleniumLibrary">
<arg>${hamburgerMenu}</arg>
<doc>Click the element identified by ``locator``.</doc>
<msg timestamp="20210623 14:26:21.266" level="INFO">Clicking element 'css:.dash-menu'.</msg>
<status status="PASS" starttime="20210623 14:26:21.265" endtime="20210623 14:26:21.333"/>
</kw>
<status status="PASS" starttime="20210623 14:26:21.264" endtime="20210623 14:26:21.334"/>
</kw>
<kw name="Wait Until Element Is Visible" library="SeleniumLibrary">
<arg>css:.span-logo-re</arg>
<doc>Waits until the element ``locator`` is visible.</doc>
<status status="PASS" starttime="20210623 14:26:21.334" endtime="20210623 14:26:21.878"/>
</kw>
<kw name="Scroll Down Left Menu" library="floorPlan.page">
<arg>${settingsButton}</arg>
<kw name="Scroll Element Into View" library="SeleniumLibrary">
<arg>${scrollElem}</arg>
<doc>Scrolls the element identified by ``locator`` into view.</doc>
<status status="PASS" starttime="20210623 14:26:21.880" endtime="20210623 14:26:22.167"/>
</kw>
<status status="PASS" starttime="20210623 14:26:21.878" endtime="20210623 14:26:22.168"/>
</kw>
<kw name="Open Settings List" library="floorPlan.page">
<kw name="Click Element" library="SeleniumLibrary">
<arg>${settingsButton}</arg>
<doc>Click the element identified by ``locator``.</doc>
<msg timestamp="20210623 14:26:22.170" level="INFO">Clicking element 'css:.drop-li'.</msg>
<status status="PASS" starttime="20210623 14:26:22.169" endtime="20210623 14:26:22.245"/>
</kw>
<status status="PASS" starttime="20210623 14:26:22.168" endtime="20210623 14:26:22.245"/>
</kw>
<kw name="Scroll Down Left Menu" library="floorPlan.page">
<arg>${newReservation}</arg>
<kw name="Scroll Element Into View" library="SeleniumLibrary">
<arg>${scrollElem}</arg>
<doc>Scrolls the element identified by ``locator`` into view.</doc>
<status status="PASS" starttime="20210623 14:26:22.247" endtime="20210623 14:26:22.536"/>
</kw>
<status status="PASS" starttime="20210623 14:26:22.246" endtime="20210623 14:26:22.537"/>
</kw>
<kw name="Open Floor Plan Page" library="floorPlan.page">
<kw name="Click Element" library="SeleniumLibrary">
<arg>${settingsList}</arg>
<doc>Click the element identified by ``locator``.</doc>
<msg timestamp="20210623 14:26:22.538" level="INFO">Clicking element 'css:.active'.</msg>
<status status="PASS" starttime="20210623 14:26:22.538" endtime="20210623 14:26:27.584"/>
</kw>
<status status="PASS" starttime="20210623 14:26:22.537" endtime="20210623 14:26:27.585"/>
</kw>
<kw name="Verify Success Open The Floor Plan Page" library="floorPlan.verify">
<kw name="Title Should Be" library="SeleniumLibrary">
<arg>Floor Plan - Life</arg>
<doc>Verifies that the current page title equals ``title``.</doc>
<msg timestamp="20210623 14:26:27.591" level="INFO">Page title is 'Floor Plan - Life'.</msg>
<status status="PASS" starttime="20210623 14:26:27.586" endtime="20210623 14:26:27.592"/>
</kw>
<status status="PASS" starttime="20210623 14:26:27.585" endtime="20210623 14:26:27.592"/>
</kw>
<kw name="Close Browser" library="SeleniumLibrary" type="TEARDOWN">
<doc>Closes the current browser.</doc>
<status status="PASS" starttime="20210623 14:26:27.593" endtime="20210623 14:26:27.656"/>
</kw>
<status status="PASS" starttime="20210623 14:26:05.790" endtime="20210623 14:26:27.657"/>
</test>
<status status="PASS" starttime="20210623 14:26:05.663" endtime="20210623 14:26:27.658"/>
</suite>
<statistics>
<total>
<stat pass="1" fail="0" skip="0">All Tests</stat>
</total>
<tag>
</tag>
<suite>
<stat pass="1" fail="0" skip="0" id="s1" name="floorPlan">floorPlan</stat>
</suite>
</statistics>
<errors>
</errors>
</robot>
