<?xml version="1.0" encoding="UTF-8"?>
<robot generator="Robot 4.0.2 (Python 3.8.5 on linux)" generated="20210524 15:00:15.286" rpa="false" schemaversion="2">
<suite id="s1" name="firstTest" source="/home/user/PycharmProjects/pythonProject1/testCases/firstTest.robot">
<test id="s1-t1" name="searchTest">
<kw name="Create Webdriver" library="SeleniumLibrary">
<arg>Chrome</arg>
<arg>executable_path=/home/user/PycharmProjects/pythonProject1/chromedriver</arg>
<doc>Creates an instance of Selenium WebDriver.</doc>
<msg timestamp="20210524 15:00:15.388" level="INFO">Creating an instance of the Chrome WebDriver.</msg>
<status status="PASS" starttime="20210524 15:00:15.387" endtime="20210524 15:00:16.654"/>
</kw>
<kw name="Go To" library="SeleniumLibrary">
<arg>${url}</arg>
<doc>Navigates the current browser window to the provided ``url``.</doc>
<msg timestamp="20210524 15:00:16.656" level="INFO">Opening url 'https://www.youtube.com/'</msg>
<status status="PASS" starttime="20210524 15:00:16.655" endtime="20210524 15:00:19.930"/>
</kw>
<kw name="Input Text" library="SeleniumLibrary">
<arg>${text}</arg>
<arg>Python robot</arg>
<doc>Types the given ``text`` into the text field identified by ``locator``.</doc>
<msg timestamp="20210524 15:00:19.932" level="INFO">Typing text 'Python robot' into text field 'xpath:/html/body/ytd-app/div/div/ytd-masthead/div[3]/div[2]/ytd-searchbox/form/div/div[1]/input'.</msg>
<status status="PASS" starttime="20210524 15:00:19.931" endtime="20210524 15:00:20.176"/>
</kw>
<kw name="Click Button" library="SeleniumLibrary">
<arg>${searchButton}</arg>
<doc>Clicks the button identified by ``locator``.</doc>
<msg timestamp="20210524 15:00:20.177" level="INFO">Clicking button 'css:button#search-icon-legacy'.</msg>
<status status="PASS" starttime="20210524 15:00:20.177" endtime="20210524 15:00:21.408"/>
</kw>
<kw name="Click Link" library="SeleniumLibrary">
<arg>${video}</arg>
<doc>Clicks a link identified by ``locator``.</doc>
<msg timestamp="20210524 15:00:21.409" level="INFO">Clicking link 'xpath://div[3]/ytd-video-renderer[1]/div[1]/ytd-thumbnail/a'.</msg>
<kw name="Capture Page Screenshot" library="SeleniumLibrary">
<doc>Takes a screenshot of the current page and embeds it into a log file.</doc>
<msg timestamp="20210524 15:00:21.424" level="FAIL">WebDriverException: Message: chrome not reachable
  (Session info: chrome=90.0.4430.85)
</msg>
<status status="FAIL" starttime="20210524 15:00:21.419" endtime="20210524 15:00:21.424"/>
</kw>
<msg timestamp="20210524 15:00:21.424" level="WARN">Keyword 'Capture Page Screenshot' could not be run on failure: WebDriverException: Message: chrome not reachable
  (Session info: chrome=90.0.4430.85)
</msg>
<msg timestamp="20210524 15:00:21.426" level="FAIL">WebDriverException: Message: chrome not reachable
  (Session info: chrome=90.0.4430.85)
</msg>
<status status="FAIL" starttime="20210524 15:00:21.408" endtime="20210524 15:00:21.426"/>
</kw>
<kw name="Close Browser" library="SeleniumLibrary">
<doc>Closes the current browser.</doc>
<status status="NOT RUN" starttime="20210524 15:00:21.426" endtime="20210524 15:00:21.426"/>
</kw>
<status status="FAIL" starttime="20210524 15:00:15.386" endtime="20210524 15:00:21.427">WebDriverException: Message: chrome not reachable
  (Session info: chrome=90.0.4430.85)
</status>
</test>
<status status="FAIL" starttime="20210524 15:00:15.286" endtime="20210524 15:00:21.428"/>
</suite>
<statistics>
<total>
<stat pass="0" fail="1" skip="0">All Tests</stat>
</total>
<tag>
</tag>
<suite>
<stat pass="0" fail="1" skip="0" id="s1" name="firstTest">firstTest</stat>
</suite>
</statistics>
<errors>
<msg timestamp="20210524 15:00:21.424" level="WARN">Keyword 'Capture Page Screenshot' could not be run on failure: WebDriverException: Message: chrome not reachable
  (Session info: chrome=90.0.4430.85)
</msg>
</errors>
</robot>
